<?xml version="1.0" encoding="UTF-8"?>
<robot generator="Robot 5.0 (Python 3.8.8 on win32)" generated="20220417 16:12:43.373" rpa="false" schemaversion="3">
<suite id="s1" name="Tests" source="C:\Users\88016\PycharmProjects\PythonRobot\Tests">
<suite id="s1-s1" name="LoginPageTests6" source="C:\Users\88016\PycharmProjects\PythonRobot\Tests\LoginPageTests6.robot">
<test id="s1-s1-t1" name="Login" line="6">
<kw name="open my browser" library="loginPage">
<kw name="Open Browser" library="SeleniumLibrary">
<arg>${SiteUrl}</arg>
<arg>${Browser}</arg>
<doc>Opens a new browser instance to the optional ``url``.</doc>
<msg timestamp="20220417 16:12:46.115" level="INFO">Opening browser 'chrome' to base url 'https://www.pinterest.com/'.</msg>
<status status="PASS" starttime="20220417 16:12:46.113" endtime="20220417 16:12:57.287"/>
</kw>
<kw name="Maximize Browser Window" library="SeleniumLibrary">
<doc>Maximizes current browser window.</doc>
<status status="PASS" starttime="20220417 16:12:57.287" endtime="20220417 16:12:57.603"/>
</kw>
<status status="PASS" starttime="20220417 16:12:46.111" endtime="20220417 16:12:57.604"/>
</kw>
<kw name="Click SignIn" library="loginPage">
<kw name="Sleep" library="BuiltIn">
<arg>2</arg>
<doc>Pauses the test executed for the given time.</doc>
<msg timestamp="20220417 16:12:59.621" level="INFO">Slept 2 seconds</msg>
<status status="PASS" starttime="20220417 16:12:57.606" endtime="20220417 16:12:59.621"/>
</kw>
<kw name="Click Element" library="SeleniumLibrary">
<arg>${LOGIN_BTN}</arg>
<doc>Click the element identified by ``locator``.</doc>
<msg timestamp="20220417 16:12:59.622" level="INFO">Clicking element '//div[@class='tBJ dyH iFc sAJ xnr tg7 mWe']'.</msg>
<status status="PASS" starttime="20220417 16:12:59.621" endtime="20220417 16:13:00.291"/>
</kw>
<kw name="Sleep" library="BuiltIn">
<arg>2</arg>
<doc>Pauses the test executed for the given time.</doc>
<msg timestamp="20220417 16:13:02.301" level="INFO">Slept 2 seconds</msg>
<status status="PASS" starttime="20220417 16:13:00.293" endtime="20220417 16:13:02.301"/>
</kw>
<kw name="Input Text" library="SeleniumLibrary">
<arg>${SET_EMAIL}</arg>
<arg>${user}</arg>
<doc>Types the given ``text`` into the text field identified by ``locator``.</doc>
<msg timestamp="20220417 16:13:02.304" level="INFO">Typing text 'miraz.qups@gmail.com' into text field '//*[@id='email']'.</msg>
<status status="PASS" starttime="20220417 16:13:02.302" endtime="20220417 16:13:03.074"/>
</kw>
<kw name="Input Text" library="SeleniumLibrary">
<arg>${SET_PASS}</arg>
<arg>${password}</arg>
<doc>Types the given ``text`` into the text field identified by ``locator``.</doc>
<msg timestamp="20220417 16:13:03.076" level="INFO">Typing text 'TestCase0101' into text field '//*[@id='password']'.</msg>
<status status="PASS" starttime="20220417 16:13:03.075" endtime="20220417 16:13:03.577"/>
</kw>
<kw name="Click Element" library="SeleniumLibrary">
<arg>${CLICK_SIGNIN_BTN}</arg>
<doc>Click the element identified by ``locator``.</doc>
<msg timestamp="20220417 16:13:03.579" level="INFO">Clicking element '//button[@class='red SignupButton active']'.</msg>
<status status="PASS" starttime="20220417 16:13:03.578" endtime="20220417 16:13:03.739"/>
</kw>
<kw name="Close Browser" library="SeleniumLibrary">
<doc>Closes the current browser.</doc>
<status status="PASS" starttime="20220417 16:13:03.739" endtime="20220417 16:13:06.446"/>
</kw>
<status status="PASS" starttime="20220417 16:12:57.605" endtime="20220417 16:13:06.446"/>
</kw>
<status status="PASS" starttime="20220417 16:12:46.108" endtime="20220417 16:13:06.446"/>
</test>
<status status="PASS" starttime="20220417 16:12:43.473" endtime="20220417 16:13:06.447"/>
</suite>
<status status="PASS" starttime="20220417 16:12:43.407" endtime="20220417 16:13:06.448"/>
</suite>
<statistics>
<total>
<stat pass="1" fail="0" skip="0">All Tests</stat>
</total>
<tag>
</tag>
<suite>
<stat pass="1" fail="0" skip="0" id="s1" name="Tests">Tests</stat>
<stat pass="1" fail="0" skip="0" id="s1-s1" name="LoginPageTests6">Tests.LoginPageTests6</stat>
</suite>
</statistics>
<errors>
</errors>
</robot>
