<?xml version="1.0" encoding="UTF-8"?>
<robot generator="Robot 5.0 (Python 3.8.8 on win32)" generated="20220417 16:11:49.411" rpa="false" schemaversion="3">
<suite id="s1" name="Tests" source="C:\Users\88016\PycharmProjects\PythonRobot\Tests">
<suite id="s1-s1" name="LoginPageTests2" source="C:\Users\88016\PycharmProjects\PythonRobot\Tests\LoginPageTests2.robot">
<test id="s1-s1-t1" name="Login" line="6">
<kw name="open my browser" library="loginPage">
<kw name="Open Browser" library="SeleniumLibrary">
<arg>${SiteUrl}</arg>
<arg>${Browser}</arg>
<doc>Opens a new browser instance to the optional ``url``.</doc>
<msg timestamp="20220417 16:11:49.925" level="INFO">Opening browser 'chrome' to base url 'https://www.pinterest.com/'.</msg>
<status status="PASS" starttime="20220417 16:11:49.924" endtime="20220417 16:12:16.712"/>
</kw>
<kw name="Maximize Browser Window" library="SeleniumLibrary">
<doc>Maximizes current browser window.</doc>
<status status="PASS" starttime="20220417 16:12:16.713" endtime="20220417 16:12:17.276"/>
</kw>
<status status="PASS" starttime="20220417 16:11:49.922" endtime="20220417 16:12:17.277"/>
</kw>
<kw name="Click SignIn" library="loginPage">
<kw name="Sleep" library="BuiltIn">
<arg>2</arg>
<doc>Pauses the test executed for the given time.</doc>
<msg timestamp="20220417 16:12:19.417" level="INFO">Slept 2 seconds</msg>
<status status="PASS" starttime="20220417 16:12:17.279" endtime="20220417 16:12:19.418"/>
</kw>
<kw name="Click Element" library="SeleniumLibrary">
<arg>${LOGIN_BTN}</arg>
<doc>Click the element identified by ``locator``.</doc>
<msg timestamp="20220417 16:12:19.422" level="INFO">Clicking element '//div[@class='tBJ dyH iFc sAJ xnr tg7 mWe']'.</msg>
<status status="PASS" starttime="20220417 16:12:19.419" endtime="20220417 16:12:21.740"/>
</kw>
<kw name="Sleep" library="BuiltIn">
<arg>2</arg>
<doc>Pauses the test executed for the given time.</doc>
<msg timestamp="20220417 16:12:23.754" level="INFO">Slept 2 seconds</msg>
<status status="PASS" starttime="20220417 16:12:21.741" endtime="20220417 16:12:23.754"/>
</kw>
<kw name="Input Text" library="SeleniumLibrary">
<arg>${SET_EMAIL}</arg>
<arg>${user}</arg>
<doc>Types the given ``text`` into the text field identified by ``locator``.</doc>
<msg timestamp="20220417 16:12:23.756" level="INFO">Typing text 'miraz.qups@gmail.com' into text field '//*[@id='email']'.</msg>
<status status="PASS" starttime="20220417 16:12:23.755" endtime="20220417 16:12:35.369"/>
</kw>
<kw name="Input Text" library="SeleniumLibrary">
<arg>${SET_PASS}</arg>
<arg>${password}</arg>
<doc>Types the given ``text`` into the text field identified by ``locator``.</doc>
<msg timestamp="20220417 16:12:35.371" level="INFO">Typing text 'TestCase0101' into text field '//*[@id='password']'.</msg>
<status status="PASS" starttime="20220417 16:12:35.370" endtime="20220417 16:12:36.578"/>
</kw>
<kw name="Click Element" library="SeleniumLibrary">
<arg>${CLICK_SIGNIN_BTN}</arg>
<doc>Click the element identified by ``locator``.</doc>
<msg timestamp="20220417 16:12:36.583" level="INFO">Clicking element '//button[@class='red SignupButton active']'.</msg>
<status status="PASS" starttime="20220417 16:12:36.579" endtime="20220417 16:12:37.561"/>
</kw>
<kw name="Close Browser" library="SeleniumLibrary">
<doc>Closes the current browser.</doc>
<status status="PASS" starttime="20220417 16:12:37.563" endtime="20220417 16:12:41.956"/>
</kw>
<status status="PASS" starttime="20220417 16:12:17.278" endtime="20220417 16:12:41.957"/>
</kw>
<status status="PASS" starttime="20220417 16:11:49.920" endtime="20220417 16:12:41.959"/>
</test>
<status status="PASS" starttime="20220417 16:11:49.480" endtime="20220417 16:12:41.963"/>
</suite>
<status status="PASS" starttime="20220417 16:11:49.430" endtime="20220417 16:12:41.971"/>
</suite>
<statistics>
<total>
<stat pass="1" fail="0" skip="0">All Tests</stat>
</total>
<tag>
</tag>
<suite>
<stat pass="1" fail="0" skip="0" id="s1" name="Tests">Tests</stat>
<stat pass="1" fail="0" skip="0" id="s1-s1" name="LoginPageTests2">Tests.LoginPageTests2</stat>
</suite>
</statistics>
<errors>
</errors>
</robot>
