<?xml version="1.0" encoding="UTF-8"?>
<robot generator="Robot 5.0 (Python 3.8.8 on win32)" generated="20220417 16:12:42.360" rpa="false" schemaversion="3">
<suite id="s1" name="Tests" source="C:\Users\88016\PycharmProjects\PythonRobot\Tests">
<suite id="s1-s1" name="LoginPageTests5" source="C:\Users\88016\PycharmProjects\PythonRobot\Tests\LoginPageTests5.robot">
<test id="s1-s1-t1" name="Login" line="6">
<kw name="open my browser" library="loginPage">
<kw name="Open Browser" library="SeleniumLibrary">
<arg>${SiteUrl}</arg>
<arg>${Browser}</arg>
<doc>Opens a new browser instance to the optional ``url``.</doc>
<msg timestamp="20220417 16:12:43.074" level="INFO">Opening browser 'chrome' to base url 'https://www.pinterest.com/'.</msg>
<status status="PASS" starttime="20220417 16:12:43.073" endtime="20220417 16:12:54.574"/>
</kw>
<kw name="Maximize Browser Window" library="SeleniumLibrary">
<doc>Maximizes current browser window.</doc>
<status status="PASS" starttime="20220417 16:12:54.575" endtime="20220417 16:12:55.325"/>
</kw>
<status status="PASS" starttime="20220417 16:12:43.072" endtime="20220417 16:12:55.326"/>
</kw>
<kw name="Click SignIn" library="loginPage">
<kw name="Sleep" library="BuiltIn">
<arg>2</arg>
<doc>Pauses the test executed for the given time.</doc>
<msg timestamp="20220417 16:12:57.332" level="INFO">Slept 2 seconds</msg>
<status status="PASS" starttime="20220417 16:12:55.327" endtime="20220417 16:12:57.333"/>
</kw>
<kw name="Click Element" library="SeleniumLibrary">
<arg>${LOGIN_BTN}</arg>
<doc>Click the element identified by ``locator``.</doc>
<msg timestamp="20220417 16:12:57.338" level="INFO">Clicking element '//div[@class='tBJ dyH iFc sAJ xnr tg7 mWe']'.</msg>
<status status="PASS" starttime="20220417 16:12:57.334" endtime="20220417 16:12:58.907"/>
</kw>
<kw name="Sleep" library="BuiltIn">
<arg>2</arg>
<doc>Pauses the test executed for the given time.</doc>
<msg timestamp="20220417 16:13:00.938" level="INFO">Slept 2 seconds</msg>
<status status="PASS" starttime="20220417 16:12:58.908" endtime="20220417 16:13:00.938"/>
</kw>
<kw name="Input Text" library="SeleniumLibrary">
<arg>${SET_EMAIL}</arg>
<arg>${user}</arg>
<doc>Types the given ``text`` into the text field identified by ``locator``.</doc>
<msg timestamp="20220417 16:13:00.950" level="INFO">Typing text 'miraz.qups@gmail.com' into text field '//*[@id='email']'.</msg>
<status status="PASS" starttime="20220417 16:13:00.939" endtime="20220417 16:13:01.699"/>
</kw>
<kw name="Input Text" library="SeleniumLibrary">
<arg>${SET_PASS}</arg>
<arg>${password}</arg>
<doc>Types the given ``text`` into the text field identified by ``locator``.</doc>
<msg timestamp="20220417 16:13:01.702" level="INFO">Typing text 'TestCase0101' into text field '//*[@id='password']'.</msg>
<status status="PASS" starttime="20220417 16:13:01.700" endtime="20220417 16:13:02.223"/>
</kw>
<kw name="Click Element" library="SeleniumLibrary">
<arg>${CLICK_SIGNIN_BTN}</arg>
<doc>Click the element identified by ``locator``.</doc>
<msg timestamp="20220417 16:13:02.227" level="INFO">Clicking element '//button[@class='red SignupButton active']'.</msg>
<status status="PASS" starttime="20220417 16:13:02.224" endtime="20220417 16:13:02.430"/>
</kw>
<kw name="Close Browser" library="SeleniumLibrary">
<doc>Closes the current browser.</doc>
<status status="PASS" starttime="20220417 16:13:02.431" endtime="20220417 16:13:05.482"/>
</kw>
<status status="PASS" starttime="20220417 16:12:55.326" endtime="20220417 16:13:05.482"/>
</kw>
<status status="PASS" starttime="20220417 16:12:43.070" endtime="20220417 16:13:05.482"/>
</test>
<status status="PASS" starttime="20220417 16:12:42.469" endtime="20220417 16:13:05.483"/>
</suite>
<status status="PASS" starttime="20220417 16:12:42.401" endtime="20220417 16:13:05.484"/>
</suite>
<statistics>
<total>
<stat pass="1" fail="0" skip="0">All Tests</stat>
</total>
<tag>
</tag>
<suite>
<stat pass="1" fail="0" skip="0" id="s1" name="Tests">Tests</stat>
<stat pass="1" fail="0" skip="0" id="s1-s1" name="LoginPageTests5">Tests.LoginPageTests5</stat>
</suite>
</statistics>
<errors>
</errors>
</robot>
