<?xml version="1.0" encoding="UTF-8"?>
<robot generator="Rebot 5.0 (Python 3.8.8 on win32)" generated="20220417 16:13:06.828" rpa="false" schemaversion="3">
<suite id="s1" name="Tests" source="C:\Users\88016\PycharmProjects\PythonRobot\Tests">
<suite id="s1-s1" name="LoginPageTests" source="C:\Users\88016\PycharmProjects\PythonRobot\Tests\LoginPageTests.robot">
<test id="s1-s1-t1" name="Login" line="6">
<kw name="open my browser" library="loginPage">
<kw name="Open Browser" library="SeleniumLibrary">
<arg>${SiteUrl}</arg>
<arg>${Browser}</arg>
<doc>Opens a new browser instance to the optional ``url``.</doc>
<msg timestamp="20220417 16:11:49.925" level="INFO">Opening browser 'chrome' to base url 'https://www.pinterest.com/'.</msg>
<status status="PASS" starttime="20220417 16:11:49.924" endtime="20220417 16:12:36.255"/>
</kw>
<kw name="Maximize Browser Window" library="SeleniumLibrary">
<doc>Maximizes current browser window.</doc>
<status status="PASS" starttime="20220417 16:12:36.256" endtime="20220417 16:12:36.476"/>
</kw>
<status status="PASS" starttime="20220417 16:11:49.923" endtime="20220417 16:12:36.477"/>
</kw>
<kw name="Click SignIn" library="loginPage">
<kw name="Sleep" library="BuiltIn">
<arg>2</arg>
<doc>Pauses the test executed for the given time.</doc>
<msg timestamp="20220417 16:12:38.506" level="INFO">Slept 2 seconds</msg>
<status status="PASS" starttime="20220417 16:12:36.483" endtime="20220417 16:12:38.506"/>
</kw>
<kw name="Click Element" library="SeleniumLibrary">
<arg>${LOGIN_BTN}</arg>
<doc>Click the element identified by ``locator``.</doc>
<msg timestamp="20220417 16:12:38.516" level="INFO">Clicking element '//div[@class='tBJ dyH iFc sAJ xnr tg7 mWe']'.</msg>
<status status="PASS" starttime="20220417 16:12:38.507" endtime="20220417 16:12:38.881"/>
</kw>
<kw name="Sleep" library="BuiltIn">
<arg>2</arg>
<doc>Pauses the test executed for the given time.</doc>
<msg timestamp="20220417 16:12:40.884" level="INFO">Slept 2 seconds</msg>
<status status="PASS" starttime="20220417 16:12:38.882" endtime="20220417 16:12:40.884"/>
</kw>
<kw name="Input Text" library="SeleniumLibrary">
<arg>${SET_EMAIL}</arg>
<arg>${user}</arg>
<doc>Types the given ``text`` into the text field identified by ``locator``.</doc>
<msg timestamp="20220417 16:12:40.885" level="INFO">Typing text 'miraz.qups@gmail.com' into text field '//*[@id='email']'.</msg>
<status status="PASS" starttime="20220417 16:12:40.884" endtime="20220417 16:12:41.191"/>
</kw>
<kw name="Input Text" library="SeleniumLibrary">
<arg>${SET_PASS}</arg>
<arg>${password}</arg>
<doc>Types the given ``text`` into the text field identified by ``locator``.</doc>
<msg timestamp="20220417 16:12:41.193" level="INFO">Typing text 'TestCase0101' into text field '//*[@id='password']'.</msg>
<status status="PASS" starttime="20220417 16:12:41.192" endtime="20220417 16:12:41.458"/>
</kw>
<kw name="Click Element" library="SeleniumLibrary">
<arg>${CLICK_SIGNIN_BTN}</arg>
<doc>Click the element identified by ``locator``.</doc>
<msg timestamp="20220417 16:12:41.459" level="INFO">Clicking element '//button[@class='red SignupButton active']'.</msg>
<status status="PASS" starttime="20220417 16:12:41.458" endtime="20220417 16:12:41.607"/>
</kw>
<kw name="Close Browser" library="SeleniumLibrary">
<doc>Closes the current browser.</doc>
<status status="PASS" starttime="20220417 16:12:41.608" endtime="20220417 16:12:44.710"/>
</kw>
<status status="PASS" starttime="20220417 16:12:36.477" endtime="20220417 16:12:44.713"/>
</kw>
<status status="PASS" starttime="20220417 16:11:49.920" endtime="20220417 16:12:44.714"/>
</test>
<status status="PASS" starttime="20220417 16:11:49.488" endtime="20220417 16:12:44.717"/>
</suite>
<suite id="s1-s2" name="LoginPageTests1" source="C:\Users\88016\PycharmProjects\PythonRobot\Tests\LoginPageTests1.robot">
<test id="s1-s2-t1" name="Login" line="6">
<kw name="open my browser" library="loginPage">
<kw name="Open Browser" library="SeleniumLibrary">
<arg>${SiteUrl}</arg>
<arg>${Browser}</arg>
<doc>Opens a new browser instance to the optional ``url``.</doc>
<msg timestamp="20220417 16:11:49.896" level="INFO">Opening browser 'chrome' to base url 'https://www.pinterest.com/'.</msg>
<status status="PASS" starttime="20220417 16:11:49.895" endtime="20220417 16:12:18.960"/>
</kw>
<kw name="Maximize Browser Window" library="SeleniumLibrary">
<doc>Maximizes current browser window.</doc>
<status status="PASS" starttime="20220417 16:12:18.961" endtime="20220417 16:12:19.923"/>
</kw>
<status status="PASS" starttime="20220417 16:11:49.894" endtime="20220417 16:12:19.924"/>
</kw>
<kw name="Click SignIn" library="loginPage">
<kw name="Sleep" library="BuiltIn">
<arg>2</arg>
<doc>Pauses the test executed for the given time.</doc>
<msg timestamp="20220417 16:12:21.971" level="INFO">Slept 2 seconds</msg>
<status status="PASS" starttime="20220417 16:12:19.926" endtime="20220417 16:12:21.972"/>
</kw>
<kw name="Click Element" library="SeleniumLibrary">
<arg>${LOGIN_BTN}</arg>
<doc>Click the element identified by ``locator``.</doc>
<msg timestamp="20220417 16:12:21.993" level="INFO">Clicking element '//div[@class='tBJ dyH iFc sAJ xnr tg7 mWe']'.</msg>
<status status="PASS" starttime="20220417 16:12:21.988" endtime="20220417 16:12:23.837"/>
</kw>
<kw name="Sleep" library="BuiltIn">
<arg>2</arg>
<doc>Pauses the test executed for the given time.</doc>
<msg timestamp="20220417 16:12:25.841" level="INFO">Slept 2 seconds</msg>
<status status="PASS" starttime="20220417 16:12:23.837" endtime="20220417 16:12:25.844"/>
</kw>
<kw name="Input Text" library="SeleniumLibrary">
<arg>${SET_EMAIL}</arg>
<arg>${user}</arg>
<doc>Types the given ``text`` into the text field identified by ``locator``.</doc>
<msg timestamp="20220417 16:12:25.849" level="INFO">Typing text 'miraz.qups@gmail.com' into text field '//*[@id='email']'.</msg>
<status status="PASS" starttime="20220417 16:12:25.845" endtime="20220417 16:12:30.311"/>
</kw>
<kw name="Input Text" library="SeleniumLibrary">
<arg>${SET_PASS}</arg>
<arg>${password}</arg>
<doc>Types the given ``text`` into the text field identified by ``locator``.</doc>
<msg timestamp="20220417 16:12:30.317" level="INFO">Typing text 'TestCase0101' into text field '//*[@id='password']'.</msg>
<status status="PASS" starttime="20220417 16:12:30.312" endtime="20220417 16:12:33.292"/>
</kw>
<kw name="Click Element" library="SeleniumLibrary">
<arg>${CLICK_SIGNIN_BTN}</arg>
<doc>Click the element identified by ``locator``.</doc>
<msg timestamp="20220417 16:12:33.294" level="INFO">Clicking element '//button[@class='red SignupButton active']'.</msg>
<status status="PASS" starttime="20220417 16:12:33.293" endtime="20220417 16:12:33.956"/>
</kw>
<kw name="Close Browser" library="SeleniumLibrary">
<doc>Closes the current browser.</doc>
<status status="PASS" starttime="20220417 16:12:33.957" endtime="20220417 16:12:40.492"/>
</kw>
<status status="PASS" starttime="20220417 16:12:19.925" endtime="20220417 16:12:40.493"/>
</kw>
<status status="PASS" starttime="20220417 16:11:49.892" endtime="20220417 16:12:40.493"/>
</test>
<status status="PASS" starttime="20220417 16:11:49.485" endtime="20220417 16:12:40.495"/>
</suite>
<suite id="s1-s3" name="LoginPageTests2" source="C:\Users\88016\PycharmProjects\PythonRobot\Tests\LoginPageTests2.robot">
<test id="s1-s3-t1" name="Login" line="6">
<kw name="open my browser" library="loginPage">
<kw name="Open Browser" library="SeleniumLibrary">
<arg>${SiteUrl}</arg>
<arg>${Browser}</arg>
<doc>Opens a new browser instance to the optional ``url``.</doc>
<msg timestamp="20220417 16:11:49.925" level="INFO">Opening browser 'chrome' to base url 'https://www.pinterest.com/'.</msg>
<status status="PASS" starttime="20220417 16:11:49.924" endtime="20220417 16:12:16.712"/>
</kw>
<kw name="Maximize Browser Window" library="SeleniumLibrary">
<doc>Maximizes current browser window.</doc>
<status status="PASS" starttime="20220417 16:12:16.713" endtime="20220417 16:12:17.276"/>
</kw>
<status status="PASS" starttime="20220417 16:11:49.922" endtime="20220417 16:12:17.277"/>
</kw>
<kw name="Click SignIn" library="loginPage">
<kw name="Sleep" library="BuiltIn">
<arg>2</arg>
<doc>Pauses the test executed for the given time.</doc>
<msg timestamp="20220417 16:12:19.417" level="INFO">Slept 2 seconds</msg>
<status status="PASS" starttime="20220417 16:12:17.279" endtime="20220417 16:12:19.418"/>
</kw>
<kw name="Click Element" library="SeleniumLibrary">
<arg>${LOGIN_BTN}</arg>
<doc>Click the element identified by ``locator``.</doc>
<msg timestamp="20220417 16:12:19.422" level="INFO">Clicking element '//div[@class='tBJ dyH iFc sAJ xnr tg7 mWe']'.</msg>
<status status="PASS" starttime="20220417 16:12:19.419" endtime="20220417 16:12:21.740"/>
</kw>
<kw name="Sleep" library="BuiltIn">
<arg>2</arg>
<doc>Pauses the test executed for the given time.</doc>
<msg timestamp="20220417 16:12:23.754" level="INFO">Slept 2 seconds</msg>
<status status="PASS" starttime="20220417 16:12:21.741" endtime="20220417 16:12:23.754"/>
</kw>
<kw name="Input Text" library="SeleniumLibrary">
<arg>${SET_EMAIL}</arg>
<arg>${user}</arg>
<doc>Types the given ``text`` into the text field identified by ``locator``.</doc>
<msg timestamp="20220417 16:12:23.756" level="INFO">Typing text 'miraz.qups@gmail.com' into text field '//*[@id='email']'.</msg>
<status status="PASS" starttime="20220417 16:12:23.755" endtime="20220417 16:12:35.369"/>
</kw>
<kw name="Input Text" library="SeleniumLibrary">
<arg>${SET_PASS}</arg>
<arg>${password}</arg>
<doc>Types the given ``text`` into the text field identified by ``locator``.</doc>
<msg timestamp="20220417 16:12:35.371" level="INFO">Typing text 'TestCase0101' into text field '//*[@id='password']'.</msg>
<status status="PASS" starttime="20220417 16:12:35.370" endtime="20220417 16:12:36.578"/>
</kw>
<kw name="Click Element" library="SeleniumLibrary">
<arg>${CLICK_SIGNIN_BTN}</arg>
<doc>Click the element identified by ``locator``.</doc>
<msg timestamp="20220417 16:12:36.583" level="INFO">Clicking element '//button[@class='red SignupButton active']'.</msg>
<status status="PASS" starttime="20220417 16:12:36.579" endtime="20220417 16:12:37.561"/>
</kw>
<kw name="Close Browser" library="SeleniumLibrary">
<doc>Closes the current browser.</doc>
<status status="PASS" starttime="20220417 16:12:37.563" endtime="20220417 16:12:41.956"/>
</kw>
<status status="PASS" starttime="20220417 16:12:17.278" endtime="20220417 16:12:41.957"/>
</kw>
<status status="PASS" starttime="20220417 16:11:49.920" endtime="20220417 16:12:41.959"/>
</test>
<status status="PASS" starttime="20220417 16:11:49.480" endtime="20220417 16:12:41.963"/>
</suite>
<suite id="s1-s4" name="LoginPageTests3" source="C:\Users\88016\PycharmProjects\PythonRobot\Tests\LoginPageTests3.robot">
<test id="s1-s4-t1" name="Login" line="6">
<kw name="open my browser" library="loginPage">
<kw name="Open Browser" library="SeleniumLibrary">
<arg>${SiteUrl}</arg>
<arg>${Browser}</arg>
<doc>Opens a new browser instance to the optional ``url``.</doc>
<msg timestamp="20220417 16:11:49.945" level="INFO">Opening browser 'chrome' to base url 'https://www.pinterest.com/'.</msg>
<status status="PASS" starttime="20220417 16:11:49.944" endtime="20220417 16:12:17.296"/>
</kw>
<kw name="Maximize Browser Window" library="SeleniumLibrary">
<doc>Maximizes current browser window.</doc>
<status status="PASS" starttime="20220417 16:12:17.297" endtime="20220417 16:12:17.810"/>
</kw>
<status status="PASS" starttime="20220417 16:11:49.942" endtime="20220417 16:12:17.811"/>
</kw>
<kw name="Click SignIn" library="loginPage">
<kw name="Sleep" library="BuiltIn">
<arg>2</arg>
<doc>Pauses the test executed for the given time.</doc>
<msg timestamp="20220417 16:12:19.831" level="INFO">Slept 2 seconds</msg>
<status status="PASS" starttime="20220417 16:12:17.813" endtime="20220417 16:12:19.832"/>
</kw>
<kw name="Click Element" library="SeleniumLibrary">
<arg>${LOGIN_BTN}</arg>
<doc>Click the element identified by ``locator``.</doc>
<msg timestamp="20220417 16:12:19.836" level="INFO">Clicking element '//div[@class='tBJ dyH iFc sAJ xnr tg7 mWe']'.</msg>
<status status="PASS" starttime="20220417 16:12:19.833" endtime="20220417 16:12:29.296"/>
</kw>
<kw name="Sleep" library="BuiltIn">
<arg>2</arg>
<doc>Pauses the test executed for the given time.</doc>
<msg timestamp="20220417 16:12:31.382" level="INFO">Slept 2 seconds</msg>
<status status="PASS" starttime="20220417 16:12:29.298" endtime="20220417 16:12:31.384"/>
</kw>
<kw name="Input Text" library="SeleniumLibrary">
<arg>${SET_EMAIL}</arg>
<arg>${user}</arg>
<doc>Types the given ``text`` into the text field identified by ``locator``.</doc>
<msg timestamp="20220417 16:12:31.391" level="INFO">Typing text 'miraz.qups@gmail.com' into text field '//*[@id='email']'.</msg>
<status status="PASS" starttime="20220417 16:12:31.388" endtime="20220417 16:12:35.002"/>
</kw>
<kw name="Input Text" library="SeleniumLibrary">
<arg>${SET_PASS}</arg>
<arg>${password}</arg>
<doc>Types the given ``text`` into the text field identified by ``locator``.</doc>
<msg timestamp="20220417 16:12:35.004" level="INFO">Typing text 'TestCase0101' into text field '//*[@id='password']'.</msg>
<status status="PASS" starttime="20220417 16:12:35.003" endtime="20220417 16:12:35.543"/>
</kw>
<kw name="Click Element" library="SeleniumLibrary">
<arg>${CLICK_SIGNIN_BTN}</arg>
<doc>Click the element identified by ``locator``.</doc>
<msg timestamp="20220417 16:12:35.549" level="INFO">Clicking element '//button[@class='red SignupButton active']'.</msg>
<status status="PASS" starttime="20220417 16:12:35.544" endtime="20220417 16:12:35.876"/>
</kw>
<kw name="Close Browser" library="SeleniumLibrary">
<doc>Closes the current browser.</doc>
<status status="PASS" starttime="20220417 16:12:35.877" endtime="20220417 16:12:40.916"/>
</kw>
<status status="PASS" starttime="20220417 16:12:17.812" endtime="20220417 16:12:40.917"/>
</kw>
<status status="PASS" starttime="20220417 16:11:49.939" endtime="20220417 16:12:40.917"/>
</test>
<status status="PASS" starttime="20220417 16:11:49.480" endtime="20220417 16:12:40.918"/>
</suite>
<suite id="s1-s5" name="LoginPageTests4" source="C:\Users\88016\PycharmProjects\PythonRobot\Tests\LoginPageTests4.robot">
<test id="s1-s5-t1" name="Login" line="6">
<kw name="open my browser" library="loginPage">
<kw name="Open Browser" library="SeleniumLibrary">
<arg>${SiteUrl}</arg>
<arg>${Browser}</arg>
<doc>Opens a new browser instance to the optional ``url``.</doc>
<msg timestamp="20220417 16:12:42.244" level="INFO">Opening browser 'chrome' to base url 'https://www.pinterest.com/'.</msg>
<status status="PASS" starttime="20220417 16:12:42.243" endtime="20220417 16:12:51.485"/>
</kw>
<kw name="Maximize Browser Window" library="SeleniumLibrary">
<doc>Maximizes current browser window.</doc>
<status status="PASS" starttime="20220417 16:12:51.486" endtime="20220417 16:12:51.837"/>
</kw>
<status status="PASS" starttime="20220417 16:12:42.242" endtime="20220417 16:12:51.838"/>
</kw>
<kw name="Click SignIn" library="loginPage">
<kw name="Sleep" library="BuiltIn">
<arg>2</arg>
<doc>Pauses the test executed for the given time.</doc>
<msg timestamp="20220417 16:12:53.853" level="INFO">Slept 2 seconds</msg>
<status status="PASS" starttime="20220417 16:12:51.839" endtime="20220417 16:12:53.853"/>
</kw>
<kw name="Click Element" library="SeleniumLibrary">
<arg>${LOGIN_BTN}</arg>
<doc>Click the element identified by ``locator``.</doc>
<msg timestamp="20220417 16:12:53.856" level="INFO">Clicking element '//div[@class='tBJ dyH iFc sAJ xnr tg7 mWe']'.</msg>
<status status="PASS" starttime="20220417 16:12:53.854" endtime="20220417 16:12:54.385"/>
</kw>
<kw name="Sleep" library="BuiltIn">
<arg>2</arg>
<doc>Pauses the test executed for the given time.</doc>
<msg timestamp="20220417 16:12:56.393" level="INFO">Slept 2 seconds</msg>
<status status="PASS" starttime="20220417 16:12:54.386" endtime="20220417 16:12:56.394"/>
</kw>
<kw name="Input Text" library="SeleniumLibrary">
<arg>${SET_EMAIL}</arg>
<arg>${user}</arg>
<doc>Types the given ``text`` into the text field identified by ``locator``.</doc>
<msg timestamp="20220417 16:12:56.396" level="INFO">Typing text 'miraz.qups@gmail.com' into text field '//*[@id='email']'.</msg>
<status status="PASS" starttime="20220417 16:12:56.395" endtime="20220417 16:12:57.271"/>
</kw>
<kw name="Input Text" library="SeleniumLibrary">
<arg>${SET_PASS}</arg>
<arg>${password}</arg>
<doc>Types the given ``text`` into the text field identified by ``locator``.</doc>
<msg timestamp="20220417 16:12:57.273" level="INFO">Typing text 'TestCase0101' into text field '//*[@id='password']'.</msg>
<status status="PASS" starttime="20220417 16:12:57.272" endtime="20220417 16:12:58.832"/>
</kw>
<kw name="Click Element" library="SeleniumLibrary">
<arg>${CLICK_SIGNIN_BTN}</arg>
<doc>Click the element identified by ``locator``.</doc>
<msg timestamp="20220417 16:12:58.834" level="INFO">Clicking element '//button[@class='red SignupButton active']'.</msg>
<status status="PASS" starttime="20220417 16:12:58.833" endtime="20220417 16:12:59.274"/>
</kw>
<kw name="Close Browser" library="SeleniumLibrary">
<doc>Closes the current browser.</doc>
<status status="PASS" starttime="20220417 16:12:59.274" endtime="20220417 16:13:03.156"/>
</kw>
<status status="PASS" starttime="20220417 16:12:51.838" endtime="20220417 16:13:03.156"/>
</kw>
<status status="PASS" starttime="20220417 16:12:42.241" endtime="20220417 16:13:03.157"/>
</test>
<status status="PASS" starttime="20220417 16:12:41.494" endtime="20220417 16:13:03.161"/>
</suite>
<suite id="s1-s6" name="LoginPageTests5" source="C:\Users\88016\PycharmProjects\PythonRobot\Tests\LoginPageTests5.robot">
<test id="s1-s6-t1" name="Login" line="6">
<kw name="open my browser" library="loginPage">
<kw name="Open Browser" library="SeleniumLibrary">
<arg>${SiteUrl}</arg>
<arg>${Browser}</arg>
<doc>Opens a new browser instance to the optional ``url``.</doc>
<msg timestamp="20220417 16:12:43.074" level="INFO">Opening browser 'chrome' to base url 'https://www.pinterest.com/'.</msg>
<status status="PASS" starttime="20220417 16:12:43.073" endtime="20220417 16:12:54.574"/>
</kw>
<kw name="Maximize Browser Window" library="SeleniumLibrary">
<doc>Maximizes current browser window.</doc>
<status status="PASS" starttime="20220417 16:12:54.575" endtime="20220417 16:12:55.325"/>
</kw>
<status status="PASS" starttime="20220417 16:12:43.072" endtime="20220417 16:12:55.326"/>
</kw>
<kw name="Click SignIn" library="loginPage">
<kw name="Sleep" library="BuiltIn">
<arg>2</arg>
<doc>Pauses the test executed for the given time.</doc>
<msg timestamp="20220417 16:12:57.332" level="INFO">Slept 2 seconds</msg>
<status status="PASS" starttime="20220417 16:12:55.327" endtime="20220417 16:12:57.333"/>
</kw>
<kw name="Click Element" library="SeleniumLibrary">
<arg>${LOGIN_BTN}</arg>
<doc>Click the element identified by ``locator``.</doc>
<msg timestamp="20220417 16:12:57.338" level="INFO">Clicking element '//div[@class='tBJ dyH iFc sAJ xnr tg7 mWe']'.</msg>
<status status="PASS" starttime="20220417 16:12:57.334" endtime="20220417 16:12:58.907"/>
</kw>
<kw name="Sleep" library="BuiltIn">
<arg>2</arg>
<doc>Pauses the test executed for the given time.</doc>
<msg timestamp="20220417 16:13:00.938" level="INFO">Slept 2 seconds</msg>
<status status="PASS" starttime="20220417 16:12:58.908" endtime="20220417 16:13:00.938"/>
</kw>
<kw name="Input Text" library="SeleniumLibrary">
<arg>${SET_EMAIL}</arg>
<arg>${user}</arg>
<doc>Types the given ``text`` into the text field identified by ``locator``.</doc>
<msg timestamp="20220417 16:13:00.950" level="INFO">Typing text 'miraz.qups@gmail.com' into text field '//*[@id='email']'.</msg>
<status status="PASS" starttime="20220417 16:13:00.939" endtime="20220417 16:13:01.699"/>
</kw>
<kw name="Input Text" library="SeleniumLibrary">
<arg>${SET_PASS}</arg>
<arg>${password}</arg>
<doc>Types the given ``text`` into the text field identified by ``locator``.</doc>
<msg timestamp="20220417 16:13:01.702" level="INFO">Typing text 'TestCase0101' into text field '//*[@id='password']'.</msg>
<status status="PASS" starttime="20220417 16:13:01.700" endtime="20220417 16:13:02.223"/>
</kw>
<kw name="Click Element" library="SeleniumLibrary">
<arg>${CLICK_SIGNIN_BTN}</arg>
<doc>Click the element identified by ``locator``.</doc>
<msg timestamp="20220417 16:13:02.227" level="INFO">Clicking element '//button[@class='red SignupButton active']'.</msg>
<status status="PASS" starttime="20220417 16:13:02.224" endtime="20220417 16:13:02.430"/>
</kw>
<kw name="Close Browser" library="SeleniumLibrary">
<doc>Closes the current browser.</doc>
<status status="PASS" starttime="20220417 16:13:02.431" endtime="20220417 16:13:05.482"/>
</kw>
<status status="PASS" starttime="20220417 16:12:55.326" endtime="20220417 16:13:05.482"/>
</kw>
<status status="PASS" starttime="20220417 16:12:43.070" endtime="20220417 16:13:05.482"/>
</test>
<status status="PASS" starttime="20220417 16:12:42.469" endtime="20220417 16:13:05.483"/>
</suite>
<suite id="s1-s7" name="LoginPageTests6" source="C:\Users\88016\PycharmProjects\PythonRobot\Tests\LoginPageTests6.robot">
<test id="s1-s7-t1" name="Login" line="6">
<kw name="open my browser" library="loginPage">
<kw name="Open Browser" library="SeleniumLibrary">
<arg>${SiteUrl}</arg>
<arg>${Browser}</arg>
<doc>Opens a new browser instance to the optional ``url``.</doc>
<msg timestamp="20220417 16:12:46.115" level="INFO">Opening browser 'chrome' to base url 'https://www.pinterest.com/'.</msg>
<status status="PASS" starttime="20220417 16:12:46.113" endtime="20220417 16:12:57.287"/>
</kw>
<kw name="Maximize Browser Window" library="SeleniumLibrary">
<doc>Maximizes current browser window.</doc>
<status status="PASS" starttime="20220417 16:12:57.287" endtime="20220417 16:12:57.603"/>
</kw>
<status status="PASS" starttime="20220417 16:12:46.111" endtime="20220417 16:12:57.604"/>
</kw>
<kw name="Click SignIn" library="loginPage">
<kw name="Sleep" library="BuiltIn">
<arg>2</arg>
<doc>Pauses the test executed for the given time.</doc>
<msg timestamp="20220417 16:12:59.621" level="INFO">Slept 2 seconds</msg>
<status status="PASS" starttime="20220417 16:12:57.606" endtime="20220417 16:12:59.621"/>
</kw>
<kw name="Click Element" library="SeleniumLibrary">
<arg>${LOGIN_BTN}</arg>
<doc>Click the element identified by ``locator``.</doc>
<msg timestamp="20220417 16:12:59.622" level="INFO">Clicking element '//div[@class='tBJ dyH iFc sAJ xnr tg7 mWe']'.</msg>
<status status="PASS" starttime="20220417 16:12:59.621" endtime="20220417 16:13:00.291"/>
</kw>
<kw name="Sleep" library="BuiltIn">
<arg>2</arg>
<doc>Pauses the test executed for the given time.</doc>
<msg timestamp="20220417 16:13:02.301" level="INFO">Slept 2 seconds</msg>
<status status="PASS" starttime="20220417 16:13:00.293" endtime="20220417 16:13:02.301"/>
</kw>
<kw name="Input Text" library="SeleniumLibrary">
<arg>${SET_EMAIL}</arg>
<arg>${user}</arg>
<doc>Types the given ``text`` into the text field identified by ``locator``.</doc>
<msg timestamp="20220417 16:13:02.304" level="INFO">Typing text 'miraz.qups@gmail.com' into text field '//*[@id='email']'.</msg>
<status status="PASS" starttime="20220417 16:13:02.302" endtime="20220417 16:13:03.074"/>
</kw>
<kw name="Input Text" library="SeleniumLibrary">
<arg>${SET_PASS}</arg>
<arg>${password}</arg>
<doc>Types the given ``text`` into the text field identified by ``locator``.</doc>
<msg timestamp="20220417 16:13:03.076" level="INFO">Typing text 'TestCase0101' into text field '//*[@id='password']'.</msg>
<status status="PASS" starttime="20220417 16:13:03.075" endtime="20220417 16:13:03.577"/>
</kw>
<kw name="Click Element" library="SeleniumLibrary">
<arg>${CLICK_SIGNIN_BTN}</arg>
<doc>Click the element identified by ``locator``.</doc>
<msg timestamp="20220417 16:13:03.579" level="INFO">Clicking element '//button[@class='red SignupButton active']'.</msg>
<status status="PASS" starttime="20220417 16:13:03.578" endtime="20220417 16:13:03.739"/>
</kw>
<kw name="Close Browser" library="SeleniumLibrary">
<doc>Closes the current browser.</doc>
<status status="PASS" starttime="20220417 16:13:03.739" endtime="20220417 16:13:06.446"/>
</kw>
<status status="PASS" starttime="20220417 16:12:57.605" endtime="20220417 16:13:06.446"/>
</kw>
<status status="PASS" starttime="20220417 16:12:46.108" endtime="20220417 16:13:06.446"/>
</test>
<status status="PASS" starttime="20220417 16:12:43.473" endtime="20220417 16:13:06.447"/>
</suite>
<doc>[https://pabot.org/?ref=log|Pabot] result from 7 executions.</doc>
<status status="PASS" starttime="20220417 16:11:49.430" endtime="20220417 16:13:06.448"/>
</suite>
<statistics>
<total>
<stat pass="7" fail="0" skip="0">All Tests</stat>
</total>
<tag>
</tag>
<suite>
<stat pass="7" fail="0" skip="0" id="s1" name="Tests">Tests</stat>
<stat pass="1" fail="0" skip="0" id="s1-s1" name="LoginPageTests">Tests.LoginPageTests</stat>
<stat pass="1" fail="0" skip="0" id="s1-s2" name="LoginPageTests1">Tests.LoginPageTests1</stat>
<stat pass="1" fail="0" skip="0" id="s1-s3" name="LoginPageTests2">Tests.LoginPageTests2</stat>
<stat pass="1" fail="0" skip="0" id="s1-s4" name="LoginPageTests3">Tests.LoginPageTests3</stat>
<stat pass="1" fail="0" skip="0" id="s1-s5" name="LoginPageTests4">Tests.LoginPageTests4</stat>
<stat pass="1" fail="0" skip="0" id="s1-s6" name="LoginPageTests5">Tests.LoginPageTests5</stat>
<stat pass="1" fail="0" skip="0" id="s1-s7" name="LoginPageTests6">Tests.LoginPageTests6</stat>
</suite>
</statistics>
<errors>
</errors>
</robot>
