<?xml version="1.0" encoding="UTF-8"?>
<robot generator="Robot 5.0 (Python 3.8.8 on win32)" generated="20220417 16:11:49.424" rpa="false" schemaversion="3">
<suite id="s1" name="Tests" source="C:\Users\88016\PycharmProjects\PythonRobot\Tests">
<suite id="s1-s1" name="LoginPageTests" source="C:\Users\88016\PycharmProjects\PythonRobot\Tests\LoginPageTests.robot">
<test id="s1-s1-t1" name="Login" line="6">
<kw name="open my browser" library="loginPage">
<kw name="Open Browser" library="SeleniumLibrary">
<arg>${SiteUrl}</arg>
<arg>${Browser}</arg>
<doc>Opens a new browser instance to the optional ``url``.</doc>
<msg timestamp="20220417 16:11:49.925" level="INFO">Opening browser 'chrome' to base url 'https://www.pinterest.com/'.</msg>
<status status="PASS" starttime="20220417 16:11:49.924" endtime="20220417 16:12:36.255"/>
</kw>
<kw name="Maximize Browser Window" library="SeleniumLibrary">
<doc>Maximizes current browser window.</doc>
<status status="PASS" starttime="20220417 16:12:36.256" endtime="20220417 16:12:36.476"/>
</kw>
<status status="PASS" starttime="20220417 16:11:49.923" endtime="20220417 16:12:36.477"/>
</kw>
<kw name="Click SignIn" library="loginPage">
<kw name="Sleep" library="BuiltIn">
<arg>2</arg>
<doc>Pauses the test executed for the given time.</doc>
<msg timestamp="20220417 16:12:38.506" level="INFO">Slept 2 seconds</msg>
<status status="PASS" starttime="20220417 16:12:36.483" endtime="20220417 16:12:38.506"/>
</kw>
<kw name="Click Element" library="SeleniumLibrary">
<arg>${LOGIN_BTN}</arg>
<doc>Click the element identified by ``locator``.</doc>
<msg timestamp="20220417 16:12:38.516" level="INFO">Clicking element '//div[@class='tBJ dyH iFc sAJ xnr tg7 mWe']'.</msg>
<status status="PASS" starttime="20220417 16:12:38.507" endtime="20220417 16:12:38.881"/>
</kw>
<kw name="Sleep" library="BuiltIn">
<arg>2</arg>
<doc>Pauses the test executed for the given time.</doc>
<msg timestamp="20220417 16:12:40.884" level="INFO">Slept 2 seconds</msg>
<status status="PASS" starttime="20220417 16:12:38.882" endtime="20220417 16:12:40.884"/>
</kw>
<kw name="Input Text" library="SeleniumLibrary">
<arg>${SET_EMAIL}</arg>
<arg>${user}</arg>
<doc>Types the given ``text`` into the text field identified by ``locator``.</doc>
<msg timestamp="20220417 16:12:40.885" level="INFO">Typing text 'miraz.qups@gmail.com' into text field '//*[@id='email']'.</msg>
<status status="PASS" starttime="20220417 16:12:40.884" endtime="20220417 16:12:41.191"/>
</kw>
<kw name="Input Text" library="SeleniumLibrary">
<arg>${SET_PASS}</arg>
<arg>${password}</arg>
<doc>Types the given ``text`` into the text field identified by ``locator``.</doc>
<msg timestamp="20220417 16:12:41.193" level="INFO">Typing text 'TestCase0101' into text field '//*[@id='password']'.</msg>
<status status="PASS" starttime="20220417 16:12:41.192" endtime="20220417 16:12:41.458"/>
</kw>
<kw name="Click Element" library="SeleniumLibrary">
<arg>${CLICK_SIGNIN_BTN}</arg>
<doc>Click the element identified by ``locator``.</doc>
<msg timestamp="20220417 16:12:41.459" level="INFO">Clicking element '//button[@class='red SignupButton active']'.</msg>
<status status="PASS" starttime="20220417 16:12:41.458" endtime="20220417 16:12:41.607"/>
</kw>
<kw name="Close Browser" library="SeleniumLibrary">
<doc>Closes the current browser.</doc>
<status status="PASS" starttime="20220417 16:12:41.608" endtime="20220417 16:12:44.710"/>
</kw>
<status status="PASS" starttime="20220417 16:12:36.477" endtime="20220417 16:12:44.713"/>
</kw>
<status status="PASS" starttime="20220417 16:11:49.920" endtime="20220417 16:12:44.714"/>
</test>
<status status="PASS" starttime="20220417 16:11:49.488" endtime="20220417 16:12:44.717"/>
</suite>
<status status="PASS" starttime="20220417 16:11:49.442" endtime="20220417 16:12:44.722"/>
</suite>
<statistics>
<total>
<stat pass="1" fail="0" skip="0">All Tests</stat>
</total>
<tag>
</tag>
<suite>
<stat pass="1" fail="0" skip="0" id="s1" name="Tests">Tests</stat>
<stat pass="1" fail="0" skip="0" id="s1-s1" name="LoginPageTests">Tests.LoginPageTests</stat>
</suite>
</statistics>
<errors>
</errors>
</robot>
